\BOOKMARK [1][-]{section.1}{\376\377\000I\000n\000t\000r\000o\000d\000u\000c\000t\000i\000o\000n}{}% 1
\BOOKMARK [1][-]{section.2}{\376\377\000F\000o\000u\000n\000d\000a\000t\000i\000o\000n\000s\000\040\000a\000n\000d\000\040\000V\000u\000l\000n\000e\000r\000a\000b\000i\000l\000i\000t\000y\000\040\000L\000a\000n\000d\000s\000c\000a\000p\000e}{}% 2
\BOOKMARK [2][-]{subsection.2.1}{\376\377\000C\000o\000n\000s\000e\000n\000s\000u\000s\000\040\000a\000n\000d\000\040\000N\000e\000t\000w\000o\000r\000k\000-\000L\000a\000y\000e\000r\000\040\000A\000t\000t\000a\000c\000k\000\040\000S\000u\000r\000f\000a\000c\000e}{section.2}% 3
\BOOKMARK [2][-]{subsection.2.2}{\376\377\000K\000e\000y\000\040\000M\000a\000n\000a\000g\000e\000m\000e\000n\000t\000\040\000a\000n\000d\000\040\000W\000a\000l\000l\000e\000t\000\040\000S\000e\000c\000u\000r\000i\000t\000y}{section.2}% 4
\BOOKMARK [2][-]{subsection.2.3}{\376\377\000S\000m\000a\000r\000t\000\040\000C\000o\000n\000t\000r\000a\000c\000t\000\040\000V\000u\000l\000n\000e\000r\000a\000b\000i\000l\000i\000t\000i\000e\000s}{section.2}% 5
\BOOKMARK [2][-]{subsection.2.4}{\376\377\000D\000e\000F\000i\000\040\000P\000r\000o\000t\000o\000c\000o\000l\000\040\000R\000i\000s\000k\000s}{section.2}% 6
\BOOKMARK [2][-]{subsection.2.5}{\376\377\000E\000x\000c\000h\000a\000n\000g\000e\000\040\000a\000n\000d\000\040\000I\000n\000f\000r\000a\000s\000t\000r\000u\000c\000t\000u\000r\000e\000\040\000A\000t\000t\000a\000c\000k\000s}{section.2}% 7
\BOOKMARK [1][-]{section.3}{\376\377\000R\000e\000f\000e\000r\000e\000n\000c\000e\000\040\000F\000r\000a\000m\000e}{}% 8
\BOOKMARK [2][-]{subsection.3.1}{\376\377\000F\000i\000v\000e\000-\000L\000a\000y\000e\000r\000\040\000B\000l\000o\000c\000k\000c\000h\000a\000i\000n\000\040\000S\000e\000c\000u\000r\000i\000t\000y\000\040\000A\000r\000c\000h\000i\000t\000e\000c\000t\000u\000r\000e}{section.3}% 9
\BOOKMARK [3][-]{subsubsection.3.1.1}{\376\377\000L\000a\000y\000e\000r\000\040\000D\000e\000f\000i\000n\000i\000t\000i\000o\000n\000s}{subsection.3.1}% 10
\BOOKMARK [3][-]{subsubsection.3.1.2}{\376\377\000C\000r\000o\000s\000s\000-\000L\000a\000y\000e\000r\000\040\000D\000e\000p\000e\000n\000d\000e\000n\000c\000i\000e\000s}{subsection.3.1}% 11
\BOOKMARK [2][-]{subsection.3.2}{\376\377\000B\000-\000S\000A\000F\000E\000\040\000R\000i\000s\000k\000\040\000C\000l\000a\000s\000s\000i\000f\000i\000c\000a\000t\000i\000o\000n\000\040\000F\000r\000a\000m\000e\000w\000o\000r\000k}{section.3}% 12
\BOOKMARK [3][-]{subsubsection.3.2.1}{\376\377\000R\000i\000s\000k\000\040\000C\000a\000t\000e\000g\000o\000r\000y\000\040\000S\000p\000e\000c\000i\000f\000i\000c\000a\000t\000i\000o\000n\000\040\000S\000c\000h\000e\000m\000a}{subsection.3.2}% 13
\BOOKMARK [3][-]{subsubsection.3.2.2}{\376\377\000Q\000u\000a\000n\000t\000i\000t\000a\000t\000i\000v\000e\000\040\000R\000i\000s\000k\000\040\000S\000c\000o\000r\000i\000n\000g}{subsection.3.2}% 14
\BOOKMARK [1][-]{section.4}{\376\377\000M\000e\000t\000h\000o\000d\000o\000l\000o\000g\000y}{}% 15
\BOOKMARK [2][-]{subsection.4.1}{\376\377\000D\000a\000t\000a\000\040\000C\000o\000l\000l\000e\000c\000t\000i\000o\000n\000\040\000a\000n\000d\000\040\000S\000o\000u\000r\000c\000e\000s}{section.4}% 16
\BOOKMARK [3][-]{subsubsection.4.1.1}{\376\377\000P\000r\000i\000m\000a\000r\000y\000\040\000D\000a\000t\000a\000\040\000S\000o\000u\000r\000c\000e\000s}{subsection.4.1}% 17
\BOOKMARK [3][-]{subsubsection.4.1.2}{\376\377\000I\000n\000c\000l\000u\000s\000i\000o\000n\000\040\000a\000n\000d\000\040\000E\000x\000c\000l\000u\000s\000i\000o\000n\000\040\000C\000r\000i\000t\000e\000r\000i\000a}{subsection.4.1}% 18
\BOOKMARK [3][-]{subsubsection.4.1.3}{\376\377\000D\000a\000t\000a\000\040\000C\000o\000l\000l\000e\000c\000t\000i\000o\000n\000\040\000P\000r\000o\000t\000o\000c\000o\000l}{subsection.4.1}% 19
\BOOKMARK [2][-]{subsection.4.2}{\376\377\000I\000n\000c\000i\000d\000e\000n\000t\000\040\000L\000a\000b\000e\000l\000i\000n\000g\000\040\000P\000r\000o\000t\000o\000c\000o\000l}{section.4}% 20
\BOOKMARK [3][-]{subsubsection.4.2.1}{\376\377\000A\000n\000n\000o\000t\000a\000t\000i\000o\000n\000\040\000P\000r\000o\000c\000e\000s\000s}{subsection.4.2}% 21
\BOOKMARK [3][-]{subsubsection.4.2.2}{\376\377\000L\000a\000b\000e\000l\000i\000n\000g\000\040\000S\000c\000h\000e\000m\000a}{subsection.4.2}% 22
\BOOKMARK [3][-]{subsubsection.4.2.3}{\376\377\000M\000u\000l\000t\000i\000-\000L\000a\000b\000e\000l\000\040\000C\000l\000a\000s\000s\000i\000f\000i\000c\000a\000t\000i\000o\000n\000\040\000R\000u\000l\000e\000s}{subsection.4.2}% 23
\BOOKMARK [3][-]{subsubsection.4.2.4}{\376\377\000E\000x\000a\000m\000p\000l\000e\000:\000\040\000L\000a\000b\000e\000l\000e\000d\000\040\000I\000n\000c\000i\000d\000e\000n\000t}{subsection.4.2}% 24
\BOOKMARK [2][-]{subsection.4.3}{\376\377\000F\000e\000a\000t\000u\000r\000e\000\040\000E\000n\000g\000i\000n\000e\000e\000r\000i\000n\000g}{section.4}% 25
\BOOKMARK [3][-]{subsubsection.4.3.1}{\376\377\000F\000i\000n\000a\000n\000c\000i\000a\000l\000\040\000I\000m\000p\000a\000c\000t\000\040\000F\000e\000a\000t\000u\000r\000e\000s}{subsection.4.3}% 26
\BOOKMARK [3][-]{subsubsection.4.3.2}{\376\377\000T\000e\000c\000h\000n\000i\000c\000a\000l\000\040\000F\000e\000a\000t\000u\000r\000e\000s}{subsection.4.3}% 27
\BOOKMARK [3][-]{subsubsection.4.3.3}{\376\377\000T\000e\000m\000p\000o\000r\000a\000l\000\040\000a\000n\000d\000\040\000C\000o\000n\000t\000e\000x\000t\000u\000a\000l\000\040\000F\000e\000a\000t\000u\000r\000e\000s}{subsection.4.3}% 28
\BOOKMARK [3][-]{subsubsection.4.3.4}{\376\377\000F\000e\000a\000t\000u\000r\000e\000\040\000V\000a\000l\000i\000d\000a\000t\000i\000o\000n}{subsection.4.3}% 29
\BOOKMARK [2][-]{subsection.4.4}{\376\377\000R\000i\000s\000k\000\040\000P\000r\000i\000o\000r\000i\000t\000i\000z\000a\000t\000i\000o\000n\000\040\000A\000p\000p\000r\000o\000a\000c\000h}{section.4}% 30
\BOOKMARK [3][-]{subsubsection.4.4.1}{\376\377\000C\000o\000m\000p\000o\000s\000i\000t\000e\000\040\000S\000c\000o\000r\000e\000\040\000\050\000L\000/\000I\000\040\000o\000n\000l\000y\000\051}{subsection.4.4}% 31
\BOOKMARK [3][-]{subsubsection.4.4.2}{\376\377\000W\000e\000i\000g\000h\000t\000\040\000R\000a\000t\000i\000o\000n\000a\000l\000e}{subsection.4.4}% 32
\BOOKMARK [3][-]{subsubsection.4.4.3}{\376\377\000S\000c\000o\000r\000i\000n\000g\000\040\000C\000r\000i\000t\000e\000r\000i\000a}{subsection.4.4}% 33
\BOOKMARK [3][-]{subsubsection.4.4.4}{\376\377\000S\000e\000n\000s\000i\000t\000i\000v\000i\000t\000y\000\040\000A\000n\000a\000l\000y\000s\000i\000s}{subsection.4.4}% 34
\BOOKMARK [2][-]{subsection.4.5}{\376\377\000T\000o\000o\000l\000s\000\040\000a\000n\000d\000\040\000R\000e\000p\000r\000o\000d\000u\000c\000i\000b\000i\000l\000i\000t\000y}{section.4}% 35
\BOOKMARK [3][-]{subsubsection.4.5.1}{\376\377\000D\000a\000t\000a\000\040\000P\000r\000o\000c\000e\000s\000s\000i\000n\000g\000\040\000P\000i\000p\000e\000l\000i\000n\000e}{subsection.4.5}% 36
\BOOKMARK [3][-]{subsubsection.4.5.2}{\376\377\000A\000n\000a\000l\000y\000s\000i\000s\000\040\000F\000r\000a\000m\000e\000w\000o\000r\000k}{subsection.4.5}% 37
\BOOKMARK [3][-]{subsubsection.4.5.3}{\376\377\000R\000e\000p\000r\000o\000d\000u\000c\000i\000b\000i\000l\000i\000t\000y\000\040\000P\000a\000c\000k\000a\000g\000e}{subsection.4.5}% 38
\BOOKMARK [3][-]{subsubsection.4.5.4}{\376\377\000S\000o\000f\000t\000w\000a\000r\000e\000\040\000V\000e\000r\000s\000i\000o\000n\000s\000\040\000a\000n\000d\000\040\000D\000e\000p\000e\000n\000d\000e\000n\000c\000i\000e\000s}{subsection.4.5}% 39
\BOOKMARK [2][-]{subsection.4.6}{\376\377\000L\000i\000m\000i\000t\000a\000t\000i\000o\000n\000s}{section.4}% 40
\BOOKMARK [3][-]{subsubsection.4.6.1}{\376\377\000D\000a\000t\000a\000\040\000C\000o\000m\000p\000l\000e\000t\000e\000n\000e\000s\000s}{subsection.4.6}% 41
\BOOKMARK [3][-]{subsubsection.4.6.2}{\376\377\000M\000e\000t\000h\000o\000d\000o\000l\000o\000g\000i\000c\000a\000l\000\040\000L\000i\000m\000i\000t\000a\000t\000i\000o\000n\000s}{subsection.4.6}% 42
\BOOKMARK [3][-]{subsubsection.4.6.3}{\376\377\000T\000e\000c\000h\000n\000i\000c\000a\000l\000\040\000L\000i\000m\000i\000t\000a\000t\000i\000o\000n\000s}{subsection.4.6}% 43
\BOOKMARK [3][-]{subsubsection.4.6.4}{\376\377\000E\000x\000t\000e\000r\000n\000a\000l\000\040\000V\000a\000l\000i\000d\000i\000t\000y}{subsection.4.6}% 44
\BOOKMARK [3][-]{subsubsection.4.6.5}{\376\377\000M\000i\000t\000i\000g\000a\000t\000i\000o\000n\000\040\000S\000t\000r\000a\000t\000e\000g\000i\000e\000s}{subsection.4.6}% 45
\BOOKMARK [1][-]{section.5}{\376\377\000R\000e\000l\000a\000t\000e\000d\000\040\000W\000o\000r\000k}{}% 46
\BOOKMARK [1][-]{section.6}{\376\377\000I\000n\000c\000i\000d\000e\000n\000t\000\040\000A\000n\000a\000l\000y\000s\000i\000s}{}% 47
\BOOKMARK [2][-]{subsection.6.1}{\376\377\000S\000e\000c\000u\000r\000i\000t\000y\000\040\000A\000n\000a\000l\000y\000s\000i\000s\000\040\000o\000f\000\040\000C\000o\000n\000s\000e\000n\000s\000u\000s\000\040\000a\000n\000d\000\040\000N\000e\000t\000w\000o\000r\000k\000\040\000L\000a\000y\000e\000r\000s}{section.6}% 48
\BOOKMARK [3][-]{subsubsection.6.1.1}{\376\377\000R\000i\000s\000k\000\040\000C\000a\000t\000e\000g\000o\000r\000y\000\040\000C\000O\000N\000-\0001\000:\000\040\0005\0001\000\045\000\040\000M\000a\000j\000o\000r\000i\000t\000y\000\040\000A\000t\000t\000a\000c\000k}{subsection.6.1}% 49
\BOOKMARK [3][-]{subsubsection.6.1.2}{\376\377\000R\000i\000s\000k\000\040\000C\000a\000t\000e\000g\000o\000r\000y\000\040\000C\000O\000N\000-\0002\000:\000\040\000S\000e\000l\000f\000i\000s\000h\000\040\000M\000i\000n\000i\000n\000g}{subsection.6.1}% 50
\BOOKMARK [3][-]{subsubsection.6.1.3}{\376\377\000R\000i\000s\000k\000\040\000C\000a\000t\000e\000g\000o\000r\000y\000\040\000C\000O\000N\000-\0003\000:\000\040\000P\000r\000o\000o\000f\000-\000o\000f\000-\000S\000t\000a\000k\000e\000\040\000L\000o\000n\000g\000-\000R\000a\000n\000g\000e\000\040\000A\000t\000t\000a\000c\000k}{subsection.6.1}% 51
\BOOKMARK [3][-]{subsubsection.6.1.4}{\376\377\000R\000i\000s\000k\000\040\000C\000a\000t\000e\000g\000o\000r\000y\000\040\000N\000E\000T\000-\0001\000:\000\040\000E\000c\000l\000i\000p\000s\000e\000\040\000A\000t\000t\000a\000c\000k}{subsection.6.1}% 52
\BOOKMARK [3][-]{subsubsection.6.1.5}{\376\377\000R\000i\000s\000k\000\040\000Q\000u\000a\000n\000t\000i\000f\000i\000c\000a\000t\000i\000o\000n}{subsection.6.1}% 53
\BOOKMARK [2][-]{subsection.6.2}{\376\377\000N\000e\000t\000w\000o\000r\000k\000\040\000L\000a\000y\000e\000r\000\040\000S\000e\000c\000u\000r\000i\000t\000y\000\040\000A\000n\000a\000l\000y\000s\000i\000s}{section.6}% 54
\BOOKMARK [3][-]{subsubsection.6.2.1}{\376\377\000R\000i\000s\000k\000\040\000C\000a\000t\000e\000g\000o\000r\000y\000\040\000N\000E\000T\000-\0002\000:\000\040\000B\000G\000P\000\040\000H\000i\000j\000a\000c\000k\000\040\000/\000\040\000R\000o\000u\000t\000e\000\040\000M\000a\000n\000i\000p\000u\000l\000a\000t\000i\000o\000n}{subsection.6.2}% 55
\BOOKMARK [2][-]{subsection.6.3}{\376\377\000S\000m\000a\000r\000t\000\040\000C\000o\000n\000t\000r\000a\000c\000t\000\040\000L\000a\000y\000e\000r\000\040\000S\000e\000c\000u\000r\000i\000t\000y\000\040\000A\000n\000a\000l\000y\000s\000i\000s}{section.6}% 56
\BOOKMARK [3][-]{subsubsection.6.3.1}{\376\377\000R\000i\000s\000k\000\040\000C\000a\000t\000e\000g\000o\000r\000y\000\040\000S\000C\000-\0001\000:\000\040\000R\000e\000e\000n\000t\000r\000a\000n\000c\000y\000\040\000V\000u\000l\000n\000e\000r\000a\000b\000i\000l\000i\000t\000y}{subsection.6.3}% 57
\BOOKMARK [3][-]{subsubsection.6.3.2}{\376\377\000R\000i\000s\000k\000\040\000C\000a\000t\000e\000g\000o\000r\000y\000\040\000S\000C\000-\0002\000:\000\040\000I\000n\000t\000e\000g\000e\000r\000\040\000O\000v\000e\000r\000f\000l\000o\000w\000/\000U\000n\000d\000e\000r\000f\000l\000o\000w}{subsection.6.3}% 58
\BOOKMARK [3][-]{subsubsection.6.3.3}{\376\377\000R\000i\000s\000k\000\040\000C\000a\000t\000e\000g\000o\000r\000y\000\040\000S\000C\000-\0003\000:\000\040\000L\000o\000g\000i\000c\000\040\000F\000l\000a\000w\000\040\000V\000u\000l\000n\000e\000r\000a\000b\000i\000l\000i\000t\000i\000e\000s}{subsection.6.3}% 59
\BOOKMARK [2][-]{subsection.6.4}{\376\377\000A\000u\000x\000i\000l\000i\000a\000r\000y\000\040\000L\000a\000y\000e\000r\000\040\000S\000e\000c\000u\000r\000i\000t\000y\000\040\000A\000n\000a\000l\000y\000s\000i\000s}{section.6}% 60
\BOOKMARK [3][-]{subsubsection.6.4.1}{\376\377\000R\000i\000s\000k\000\040\000C\000a\000t\000e\000g\000o\000r\000y\000\040\000A\000U\000X\000-\000W\000A\000L\000L\000E\000T\000-\0001\000:\000\040\000P\000r\000i\000v\000a\000t\000e\000\040\000K\000e\000y\000\040\000C\000o\000m\000p\000r\000o\000m\000i\000s\000e\000\040\000v\000i\000a\000\040\000C\000l\000i\000e\000n\000t\000-\000S\000i\000d\000e\000\040\000A\000t\000t\000a\000c\000k\000s}{subsection.6.4}% 61
\BOOKMARK [3][-]{subsubsection.6.4.2}{\376\377\000R\000i\000s\000k\000\040\000C\000a\000t\000e\000g\000o\000r\000y\000\040\000A\000U\000X\000-\000S\000E\000R\000V\000I\000C\000E\000-\0001\000:\000\040\000C\000o\000m\000p\000r\000o\000m\000i\000s\000e\000\040\000v\000i\000a\000\040\000S\000o\000f\000t\000w\000a\000r\000e\000\040\000S\000u\000p\000p\000l\000y\000\040\000C\000h\000a\000i\000n\000\040\000a\000n\000d\000\040\000T\000h\000i\000r\000d\000-\000P\000a\000r\000t\000y\000\040\000D\000e\000p\000e\000n\000d\000e\000n\000c\000i\000e\000s}{subsection.6.4}% 62
\BOOKMARK [3][-]{subsubsection.6.4.3}{\376\377\000R\000i\000s\000k\000\040\000Q\000u\000a\000n\000t\000i\000f\000i\000c\000a\000t\000i\000o\000n}{subsection.6.4}% 63
\BOOKMARK [2][-]{subsection.6.5}{\376\377\000D\000e\000F\000i\000\040\000P\000r\000o\000t\000o\000c\000o\000l\000\040\000L\000a\000y\000e\000r\000\040\000S\000e\000c\000u\000r\000i\000t\000y\000\040\000A\000n\000a\000l\000y\000s\000i\000s}{section.6}% 64
\BOOKMARK [3][-]{subsubsection.6.5.1}{\376\377\000R\000i\000s\000k\000\040\000C\000a\000t\000e\000g\000o\000r\000y\000\040\000P\000R\000O\000-\0001\000:\000\040\000F\000l\000a\000s\000h\000\040\000L\000o\000a\000n\000\040\000E\000n\000a\000b\000l\000e\000d\000\040\000A\000t\000t\000a\000c\000k\000s}{subsection.6.5}% 65
\BOOKMARK [3][-]{subsubsection.6.5.2}{\376\377\000R\000i\000s\000k\000\040\000C\000a\000t\000e\000g\000o\000r\000y\000\040\000P\000R\000O\000-\0002\000:\000\040\000O\000r\000a\000c\000l\000e\000/\000P\000r\000i\000c\000e\000-\000F\000e\000e\000d\000\040\000M\000a\000n\000i\000p\000u\000l\000a\000t\000i\000o\000n}{subsection.6.5}% 66
\BOOKMARK [3][-]{subsubsection.6.5.3}{\376\377\000R\000i\000s\000k\000\040\000Q\000u\000a\000n\000t\000i\000f\000i\000c\000a\000t\000i\000o\000n}{subsection.6.5}% 67
\BOOKMARK [1][-]{section.7}{\376\377\000R\000e\000p\000r\000o\000d\000u\000c\000i\000b\000i\000l\000i\000t\000y}{}% 68
\BOOKMARK [2][-]{subsection.7.1}{\376\377\000A\000u\000t\000o\000m\000a\000t\000e\000d\000\040\000P\000i\000p\000e\000l\000i\000n\000e\000:\000\040\000L\000L\000M\000-\000A\000s\000s\000i\000s\000t\000e\000d\000\040\000E\000x\000t\000r\000a\000c\000t\000i\000o\000n\000\040\000a\000n\000d\000\040\000M\000L\000\040\000P\000r\000e\000d\000i\000c\000t\000i\000o\000n}{section.7}% 69
\BOOKMARK [3][-]{subsubsection.7.1.1}{\376\377\000S\000t\000a\000g\000e\000\040\0001\000:\000\040\000L\000L\000M\000\040\000E\000x\000t\000r\000a\000c\000t\000i\000o\000n\000\040\000t\000o\000\040\000T\000e\000c\000h\000n\000i\000c\000a\000l\000\040\000F\000o\000o\000t\000p\000r\000i\000n\000t}{subsection.7.1}% 70
\BOOKMARK [3][-]{subsubsection.7.1.2}{\376\377\000S\000t\000a\000g\000e\000\040\0002\000:\000\040\000M\000L\000\040\000P\000r\000e\000d\000i\000c\000t\000i\000o\000n\000\040\000\050\000X\000G\000B\000o\000o\000s\000t\000\051}{subsection.7.1}% 71
\BOOKMARK [3][-]{subsubsection.7.1.3}{\376\377\000S\000t\000a\000g\000e\000\040\0003\000:\000\040\000L\000L\000M\000\040\000R\000e\000p\000o\000r\000t\000i\000n\000g}{subsection.7.1}% 72
\BOOKMARK [3][-]{subsubsection.7.1.4}{\376\377\000P\000o\000s\000i\000t\000i\000o\000n\000i\000n\000g}{subsection.7.1}% 73
\BOOKMARK [2][-]{subsection.7.2}{\376\377\000A\000d\000d\000i\000t\000i\000o\000n\000a\000l\000\040\000R\000e\000s\000e\000a\000r\000c\000h\000\040\000D\000i\000r\000e\000c\000t\000i\000o\000n\000s}{section.7}% 74
\BOOKMARK [1][-]{section.8}{\376\377\000D\000i\000s\000c\000u\000s\000s\000i\000o\000n}{}% 75
\BOOKMARK [1][-]{section.9}{\376\377\000C\000o\000n\000c\000l\000u\000s\000i\000o\000n}{}% 76
